
[Mon Nov 26 17:32:20 2018] [*] Local Device Address : 0000001a7dda7113 on AMD64
[Mon Nov 26 17:32:27 2018] [*] Local Device Address : 0000001a7dda7113 on AMD64
[Mon Nov 26 17:32:28 2018] [*] [WatchDog] phase down.
[Mon Nov 26 17:32:28 2018] [*] Start Session...
[Mon Nov 26 17:32:28 2018] [*] Session wait

[Mon Nov 26 17:32:31 2018] [*] Remote Device Address : 000080c5f2ba7234 on AMD64
[Mon Nov 26 17:32:31 2018] [*] [WatchDog] phase up.
[Mon Nov 26 17:32:33 2018] [*] [WatchDog] Wait signal to sync...
[Mon Nov 26 17:32:33 2018] [*] [Output] Wait signal to sync...
[Mon Nov 26 17:32:33 2018] [*] [Input] Wait signal to sync...
[Mon Nov 26 17:32:33 2018] [*] [MainTask] Wait signal to sync...
[Mon Nov 26 17:32:33 2018] [*] [WatchDog] Barrier Pass...
[Mon Nov 26 17:32:33 2018] [*] [Output] Barrier Pass...
[Mon Nov 26 17:32:33 2018] [*] [Input] Barrier Pass...
[Mon Nov 26 17:32:33 2018] [*] [MainTask] Barrier Pass...
[Mon Nov 26 17:32:33 2018] [*] [WatchDog] phase down.
[Mon Nov 26 17:32:33 2018] [*] Session wait

[Mon Nov 26 17:32:33 2018] [*] [Output] client disonnected. : ENO:[9]-EC:[-1]-LEN:[952].
[Mon Nov 26 17:32:33 2018] [*] [MS] Exit signal...
[Mon Nov 26 17:32:34 2018] [*] [WatchDog] Wait signal to sync...
[Mon Nov 26 17:32:34 2018] [*] [Input] Wait signal to sync...
[Mon Nov 26 17:32:34 2018] [*] [WatchDog] Barrier Pass...
[Mon Nov 26 17:32:34 2018] [*] [Input] Barrier Pass...
[Mon Nov 26 17:32:34 2018] [*] [Output] Barrier Pass...
[Mon Nov 26 17:32:34 2018] [*] [WatchDog] phase down.
[Mon Nov 26 17:33:44 2018] [*] Local Device Address : 0000001a7dda7113 on AMD64
[Mon Nov 26 17:33:45 2018] [*] [WatchDog] phase down.
[Mon Nov 26 17:33:45 2018] [*] Start Session...
[Mon Nov 26 17:33:45 2018] [*] Session wait

[Mon Nov 26 17:33:50 2018] [*] Remote Device Address : 000080c5f2ba7234 on AMD64
[Mon Nov 26 17:33:50 2018] [*] [WatchDog] phase up.
[Mon Nov 26 17:33:51 2018] [*] [WatchDog] Wait signal to sync...
[Mon Nov 26 17:33:51 2018] [*] [Output] Wait signal to sync...
[Mon Nov 26 17:33:51 2018] [*] [Input] Wait signal to sync...
[Mon Nov 26 17:33:51 2018] [*] [MainTask] Wait signal to sync...
[Mon Nov 26 17:33:51 2018] [*] [WatchDog] Barrier Pass...
[Mon Nov 26 17:33:51 2018] [*] [Output] Barrier Pass...
[Mon Nov 26 17:33:51 2018] [*] [Input] Barrier Pass...
[Mon Nov 26 17:33:51 2018] [*] [MainTask] Barrier Pass...
[Mon Nov 26 17:33:51 2018] [*] [WatchDog] phase down.
[Mon Nov 26 17:33:51 2018] [*] Session wait

[Mon Nov 26 17:33:51 2018] [*] [Output] client disonnected. : ENO:[9]-EC:[-1]-LEN:[952].
[Mon Nov 26 17:33:51 2018] [*] [MS] Exit signal...
[Mon Nov 26 17:33:51 2018] [*] [WatchDog] Wait signal to sync...
[Mon Nov 26 17:33:51 2018] [*] [Input] Wait signal to sync...
[Mon Nov 26 17:33:51 2018] [*] [Output] Wait signal to sync...
[Mon Nov 26 17:33:51 2018] [*] [WatchDog] Barrier Pass...
[Mon Nov 26 17:33:51 2018] [*] [Output] Barrier Pass...
[Mon Nov 26 17:33:51 2018] [*] [Input] Barrier Pass...
[Mon Nov 26 17:33:51 2018] [*] [WatchDog] phase down.
[Mon Nov 26 17:33:53 2018] [*] Remote Device Address : 000080c5f2ba7234 on AMD64
[Mon Nov 26 17:33:53 2018] [*] [WatchDog] phase up.
[Mon Nov 26 17:33:55 2018] [*] [WatchDog] Wait signal to sync...
[Mon Nov 26 17:33:55 2018] [*] [Output] Wait signal to sync...
[Mon Nov 26 17:33:55 2018] [*] [Input] Wait signal to sync...
[Mon Nov 26 17:33:55 2018] [*] [MainTask] Wait signal to sync...
[Mon Nov 26 17:33:55 2018] [*] [WatchDog] Barrier Pass...
[Mon Nov 26 17:33:55 2018] [*] [Input] Barrier Pass...
[Mon Nov 26 17:33:55 2018] [*] [WatchDog] phase down.
[Mon Nov 26 17:33:55 2018] [*] [Input] client disconnected : ENO:[104]-EC:[-1]-LEN:[952].
[Mon Nov 26 17:33:55 2018] [*] [WatchDog] Wait signal to sync...
[Mon Nov 26 17:33:55 2018] [*] [Input] Wait signal to sync...
[Mon Nov 26 17:33:55 2018] [*] [MainTask] Barrier Pass...
[Mon Nov 26 17:33:55 2018] [*] [Output] Barrier Pass...
[Mon Nov 26 17:33:55 2018] [*] Session wait

[Mon Nov 26 17:33:55 2018] [*] [Output] client disonnected. : ENO:[9]-EC:[-1]-LEN:[952].
[Mon Nov 26 17:33:55 2018] [*] [MS] Exit signal...
[Mon Nov 26 17:33:55 2018] [*] [Output] Wait signal to sync...
[Mon Nov 26 17:33:55 2018] [*] [WatchDog] Barrier Pass...
[Mon Nov 26 17:33:55 2018] [*] [Input] Barrier Pass...
[Mon Nov 26 17:33:55 2018] [*] [Output] Barrier Pass...
[Mon Nov 26 17:33:55 2018] [*] [WatchDog] phase down.
[Mon Nov 26 17:33:57 2018] [*] Remote Device Address : 000080c5f2ba7234 on AMD64
[Mon Nov 26 17:33:57 2018] [*] [WatchDog] phase up.
[Mon Nov 26 17:33:59 2018] [*] [WatchDog] Wait signal to sync...
[Mon Nov 26 17:33:59 2018] [*] [MainTask] Wait signal to sync...
[Mon Nov 26 17:33:59 2018] [*] [Output] Wait signal to sync...
[Mon Nov 26 17:33:59 2018] [*] [Input] Wait signal to sync...
[Mon Nov 26 17:33:59 2018] [*] [WatchDog] Barrier Pass...
[Mon Nov 26 17:33:59 2018] [*] [Output] Barrier Pass...
[Mon Nov 26 17:33:59 2018] [*] [MainTask] Barrier Pass...
[Mon Nov 26 17:33:59 2018] [*] [Input] Barrier Pass...
[Mon Nov 26 17:33:59 2018] [*] Session wait

[Mon Nov 26 17:33:59 2018] [*] [WatchDog] phase down.
[Mon Nov 26 17:34:01 2018] [*] Remote Device Address : 000080c5f2ba7234 on AMD64
[Mon Nov 26 17:34:01 2018] [*] [WatchDog] phase up.
[Mon Nov 26 17:34:04 2018] [*] [WatchDog] Wait signal to sync...
[Mon Nov 26 17:34:04 2018] [*] [Input] Wait signal to sync...
[Mon Nov 26 17:34:04 2018] [*] [MainTask] Wait signal to sync...
[Mon Nov 26 17:34:04 2018] [*] [Output] client disonnected. : ENO:[104]-EC:[-1]-LEN:[952].
[Mon Nov 26 17:34:04 2018] [*] [Output] Wait signal to sync...
[Mon Nov 26 17:34:04 2018] [*] [WatchDog] Barrier Pass...
[Mon Nov 26 17:34:04 2018] [*] [MainTask] Barrier Pass...
[Mon Nov 26 17:34:04 2018] [*] [Input] Barrier Pass...
[Mon Nov 26 17:34:04 2018] [*] [Output] Barrier Pass...
[Mon Nov 26 17:34:04 2018] [*] [WatchDog] phase down.
[Mon Nov 26 17:34:04 2018] [*] Session wait

[Mon Nov 26 17:34:05 2018] [*] Remote Device Address : 000080c5f2ba7234 on AMD64
[Mon Nov 26 17:34:05 2018] [*] [WatchDog] phase up.
[Mon Nov 26 17:34:08 2018] [*] [WatchDog] Wait signal to sync...
[Mon Nov 26 17:34:08 2018] [*] [Input] Wait signal to sync...
[Mon Nov 26 17:34:08 2018] [*] [Output] Wait signal to sync...
[Mon Nov 26 17:34:08 2018] [*] [MainTask] Wait signal to sync...
[Mon Nov 26 17:34:08 2018] [*] [WatchDog] Barrier Pass...
[Mon Nov 26 17:34:08 2018] [*] [Input] Barrier Pass...
[Mon Nov 26 17:34:08 2018] [*] [Output] Barrier Pass...
[Mon Nov 26 17:34:08 2018] [*] [MainTask] Barrier Pass...
[Mon Nov 26 17:34:08 2018] [*] [WatchDog] phase down.
[Mon Nov 26 17:34:08 2018] [*] Session wait

[Mon Nov 26 17:34:08 2018] [*] [Output] client disonnected. : ENO:[9]-EC:[-1]-LEN:[952].
[Mon Nov 26 17:34:08 2018] [*] [WatchDog] Wait signal to sync...
[Mon Nov 26 17:34:08 2018] [*] [MS] Exit signal...
[Mon Nov 26 17:34:08 2018] [*] [Input] Wait signal to sync...
[Mon Nov 26 17:34:08 2018] [*] [Output] Wait signal to sync...
[Mon Nov 26 17:34:08 2018] [*] [WatchDog] Barrier Pass...
[Mon Nov 26 17:34:08 2018] [*] [WatchDog] phase down.
[Mon Nov 26 17:34:08 2018] [*] [Output] Barrier Pass...
[Mon Nov 26 17:34:08 2018] [*] [Input] Barrier Pass...
[Mon Nov 26 17:34:09 2018] [*] Remote Device Address : 000080c5f2ba7234 on AMD64
[Mon Nov 26 17:34:09 2018] [*] [WatchDog] phase up.
[Mon Nov 26 17:34:11 2018] [*] [WatchDog] Wait signal to sync...
[Mon Nov 26 17:34:11 2018] [*] [Output] Wait signal to sync...
[Mon Nov 26 17:34:11 2018] [*] [Input] Wait signal to sync...
[Mon Nov 26 17:34:11 2018] [*] [MainTask] Wait signal to sync...
[Mon Nov 26 17:34:11 2018] [*] [WatchDog] Barrier Pass...
[Mon Nov 26 17:34:11 2018] [*] [MainTask] Barrier Pass...
[Mon Nov 26 17:34:11 2018] [*] [Output] Barrier Pass...
[Mon Nov 26 17:34:11 2018] [*] [Input] Barrier Pass...
[Mon Nov 26 17:34:11 2018] [*] [WatchDog] phase down.
[Mon Nov 26 17:34:11 2018] [*] Session wait

[Mon Nov 26 17:34:11 2018] [*] [Output] client disonnected. : ENO:[9]-EC:[-1]-LEN:[952].
[Mon Nov 26 17:34:11 2018] [*] [MS] Exit signal...
[Mon Nov 26 17:34:11 2018] [*] [WatchDog] Wait signal to sync...
[Mon Nov 26 17:34:11 2018] [*] [Input] Wait signal to sync...
[Mon Nov 26 17:34:11 2018] [*] [Output] Wait signal to sync...
[Mon Nov 26 17:34:11 2018] [*] [WatchDog] Barrier Pass...
[Mon Nov 26 17:34:11 2018] [*] [WatchDog] phase down.
[Mon Nov 26 17:34:11 2018] [*] [Output] Barrier Pass...
[Mon Nov 26 17:34:11 2018] [*] [Input] Barrier Pass...
[Mon Nov 26 17:34:12 2018] [*] Remote Device Address : 000080c5f2ba7234 on AMD64
[Mon Nov 26 17:34:12 2018] [*] [WatchDog] phase up.
[Mon Nov 26 17:34:14 2018] [*] [WatchDog] Wait signal to sync...
[Mon Nov 26 17:34:14 2018] [*] [MainTask] Wait signal to sync...
[Mon Nov 26 17:34:14 2018] [*] [Output] Wait signal to sync...
[Mon Nov 26 17:34:14 2018] [*] [Input] Wait signal to sync...
[Mon Nov 26 17:34:14 2018] [*] [WatchDog] Barrier Pass...
[Mon Nov 26 17:34:14 2018] [*] [Output] Barrier Pass...
[Mon Nov 26 17:34:14 2018] [*] [Input] Barrier Pass...
[Mon Nov 26 17:34:14 2018] [*] [MainTask] Barrier Pass...
[Mon Nov 26 17:34:14 2018] [*] [WatchDog] phase down.
[Mon Nov 26 17:34:14 2018] [*] Session wait

[Mon Nov 26 17:34:16 2018] [*] Remote Device Address : 000080c5f2ba7234 on AMD64
[Mon Nov 26 17:34:16 2018] [*] [WatchDog] phase up.
[Mon Nov 26 17:34:18 2018] [*] [WatchDog] Wait signal to sync...
[Mon Nov 26 17:34:18 2018] [*] [Output] Wait signal to sync...
[Mon Nov 26 17:34:18 2018] [*] [Input] Wait signal to sync...
[Mon Nov 26 17:34:18 2018] [*] [MainTask] Wait signal to sync...
[Mon Nov 26 17:34:18 2018] [*] [WatchDog] Barrier Pass...
[Mon Nov 26 17:34:18 2018] [*] [Output] Barrier Pass...
[Mon Nov 26 17:34:18 2018] [*] [MainTask] Barrier Pass...
[Mon Nov 26 17:34:18 2018] [*] [Input] Barrier Pass...
[Mon Nov 26 17:34:18 2018] [*] [WatchDog] phase down.
[Mon Nov 26 17:34:18 2018] [*] Session wait

[Mon Nov 26 17:34:18 2018] [*] [Output] client disonnected. : ENO:[9]-EC:[-1]-LEN:[952].
[Mon Nov 26 17:34:18 2018] [*] [MS] Exit signal...
[Mon Nov 26 17:34:18 2018] [*] [WatchDog] Wait signal to sync...
[Mon Nov 26 17:34:18 2018] [*] [Output] Wait signal to sync...
[Mon Nov 26 17:34:18 2018] [*] [Input] Wait signal to sync...
[Mon Nov 26 17:34:18 2018] [*] [WatchDog] Barrier Pass...
[Mon Nov 26 17:34:18 2018] [*] [WatchDog] phase down.
[Mon Nov 26 17:34:18 2018] [*] [Input] Barrier Pass...
[Mon Nov 26 17:34:18 2018] [*] [Output] Barrier Pass...
[Mon Nov 26 17:34:19 2018] [*] Remote Device Address : 000080c5f2ba7234 on AMD64
[Mon Nov 26 17:34:20 2018] [*] [WatchDog] phase up.
[Mon Nov 26 17:34:22 2018] [*] [WatchDog] Wait signal to sync...
[Mon Nov 26 17:34:22 2018] [*] [Output] Wait signal to sync...
[Mon Nov 26 17:34:22 2018] [*] [Input] Wait signal to sync...
[Mon Nov 26 17:34:22 2018] [*] [MainTask] Wait signal to sync...
[Mon Nov 26 17:34:22 2018] [*] [WatchDog] Barrier Pass...
[Mon Nov 26 17:34:22 2018] [*] [Output] Barrier Pass...
[Mon Nov 26 17:34:22 2018] [*] [MainTask] Barrier Pass...
[Mon Nov 26 17:34:22 2018] [*] [Input] Barrier Pass...
[Mon Nov 26 17:34:22 2018] [*] [WatchDog] phase down.
[Mon Nov 26 17:34:22 2018] [*] Session wait

[Mon Nov 26 17:34:22 2018] [*] [Output] client disonnected. : ENO:[9]-EC:[-1]-LEN:[952].
[Mon Nov 26 17:34:22 2018] [*] [MS] Exit signal...
[Mon Nov 26 17:34:22 2018] [*] [WatchDog] Wait signal to sync...
[Mon Nov 26 17:34:22 2018] [*] [Input] Wait signal to sync...
[Mon Nov 26 17:34:22 2018] [*] [Output] Wait signal to sync...
[Mon Nov 26 17:34:22 2018] [*] [WatchDog] Barrier Pass...
[Mon Nov 26 17:34:22 2018] [*] [Input] Barrier Pass...
[Mon Nov 26 17:34:22 2018] [*] [Output] Barrier Pass...
[Mon Nov 26 17:34:22 2018] [*] [WatchDog] phase down.
[Mon Nov 26 17:34:23 2018] [*] Remote Device Address : 000080c5f2ba7234 on AMD64
[Mon Nov 26 17:34:23 2018] [*] [WatchDog] phase up.
[Mon Nov 26 17:34:24 2018] [*] [WatchDog] Wait signal to sync...
[Mon Nov 26 17:34:24 2018] [*] [Output] Wait signal to sync...
[Mon Nov 26 17:34:24 2018] [*] [Input] Wait signal to sync...
[Mon Nov 26 17:34:24 2018] [*] [MainTask] Wait signal to sync...
[Mon Nov 26 17:34:24 2018] [*] [WatchDog] Barrier Pass...
[Mon Nov 26 17:34:24 2018] [*] [Input] Barrier Pass...
[Mon Nov 26 17:34:24 2018] [*] [Output] Barrier Pass...
[Mon Nov 26 17:34:24 2018] [*] [WatchDog] phase down.
[Mon Nov 26 17:34:24 2018] [*] [Output] client disonnected. : ENO:[104]-EC:[-1]-LEN:[952].
[Mon Nov 26 17:34:24 2018] [*] [MainTask] Barrier Pass...
[Mon Nov 26 17:34:24 2018] [*] Session wait

[Mon Nov 26 17:34:25 2018] [*] Remote Device Address : 000080c5f2ba7234 on AMD64
[Mon Nov 26 17:34:25 2018] [*] [WatchDog] phase up.
[Mon Nov 26 17:34:26 2018] [*] [WatchDog] Wait signal to sync...
[Mon Nov 26 17:34:26 2018] [*] [Output] Wait signal to sync...
[Mon Nov 26 17:34:26 2018] [*] [Input] Wait signal to sync...
[Mon Nov 26 17:34:26 2018] [*] [MainTask] Wait signal to sync...
[Mon Nov 26 17:34:26 2018] [*] [WatchDog] Barrier Pass...
[Mon Nov 26 17:34:26 2018] [*] [Input] Barrier Pass...
[Mon Nov 26 17:34:26 2018] [*] [Output] Barrier Pass...
[Mon Nov 26 17:34:26 2018] [*] [MainTask] Barrier Pass...
[Mon Nov 26 17:34:26 2018] [*] [WatchDog] phase down.
[Mon Nov 26 17:34:26 2018] [*] Session wait

[Mon Nov 26 17:34:26 2018] [*] [Output] client disonnected. : ENO:[9]-EC:[-1]-LEN:[952].
[Mon Nov 26 17:34:26 2018] [*] [MS] Exit signal...
[Mon Nov 26 17:34:26 2018] [*] [WatchDog] Wait signal to sync...
[Mon Nov 26 17:34:26 2018] [*] [Input] Wait signal to sync...
[Mon Nov 26 17:34:26 2018] [*] [Output] Wait signal to sync...
[Mon Nov 26 17:34:26 2018] [*] [WatchDog] Barrier Pass...
[Mon Nov 26 17:34:26 2018] [*] [Input] Barrier Pass...
[Mon Nov 26 17:34:26 2018] [*] [Output] Barrier Pass...
[Mon Nov 26 17:34:26 2018] [*] [WatchDog] phase down.
[Mon Nov 26 17:34:28 2018] [*] Remote Device Address : 000080c5f2ba7234 on AMD64
[Mon Nov 26 17:34:28 2018] [*] [WatchDog] phase up.
[Mon Nov 26 17:34:29 2018] [*] [WatchDog] Wait signal to sync...
[Mon Nov 26 17:34:29 2018] [*] [Output] Wait signal to sync...
[Mon Nov 26 17:34:29 2018] [*] [MainTask] Wait signal to sync...
[Mon Nov 26 17:34:29 2018] [*] [Input] Wait signal to sync...
[Mon Nov 26 17:34:29 2018] [*] [WatchDog] Barrier Pass...
[Mon Nov 26 17:34:29 2018] [*] [Input] Barrier Pass...
[Mon Nov 26 17:34:29 2018] [*] [Output] Barrier Pass...
[Mon Nov 26 17:34:29 2018] [*] [WatchDog] phase down.
[Mon Nov 26 17:34:29 2018] [*] [Output] client disonnected. : ENO:[104]-EC:[-1]-LEN:[952].
[Mon Nov 26 17:34:29 2018] [*] [MainTask] Barrier Pass...
[Mon Nov 26 17:34:29 2018] [*] Session wait

[Mon Nov 26 17:34:30 2018] [*] Remote Device Address : 000080c5f2ba7234 on AMD64
[Mon Nov 26 17:34:30 2018] [*] [WatchDog] phase up.
[Mon Nov 26 17:34:32 2018] [*] [WatchDog] Wait signal to sync...
[Mon Nov 26 17:34:32 2018] [*] [Input] Wait signal to sync...
[Mon Nov 26 17:34:32 2018] [*] [MainTask] Wait signal to sync...
[Mon Nov 26 17:34:32 2018] [*] [Output] client disonnected. : ENO:[104]-EC:[-1]-LEN:[952].
[Mon Nov 26 17:34:32 2018] [*] [Output] Wait signal to sync...
[Mon Nov 26 17:34:32 2018] [*] [WatchDog] Barrier Pass...
[Mon Nov 26 17:34:32 2018] [*] [Input] Barrier Pass...
[Mon Nov 26 17:34:32 2018] [*] [MainTask] Barrier Pass...
[Mon Nov 26 17:34:32 2018] [*] [Output] Barrier Pass...
[Mon Nov 26 17:34:32 2018] [*] [WatchDog] phase down.
[Mon Nov 26 17:34:32 2018] [*] Session wait

[Mon Nov 26 17:34:33 2018] [*] Remote Device Address : 000080c5f2ba7234 on AMD64
[Mon Nov 26 17:34:33 2018] [*] [WatchDog] phase up.
[Mon Nov 26 17:34:35 2018] [*] [WatchDog] Wait signal to sync...
[Mon Nov 26 17:34:35 2018] [*] [Output] Wait signal to sync...
[Mon Nov 26 17:34:35 2018] [*] [Input] Wait signal to sync...
[Mon Nov 26 17:34:35 2018] [*] [MainTask] Wait signal to sync...
[Mon Nov 26 17:34:35 2018] [*] [WatchDog] Barrier Pass...
[Mon Nov 26 17:34:35 2018] [*] [Output] Barrier Pass...
[Mon Nov 26 17:34:35 2018] [*] [Input] Barrier Pass...
[Mon Nov 26 17:34:35 2018] [*] [MainTask] Barrier Pass...
[Mon Nov 26 17:34:35 2018] [*] [WatchDog] phase down.
[Mon Nov 26 17:34:35 2018] [*] Session wait

[Mon Nov 26 17:34:35 2018] [*] [Output] client disonnected. : ENO:[9]-EC:[-1]-LEN:[952].
[Mon Nov 26 17:34:35 2018] [*] [MS] Exit signal...
[Mon Nov 26 17:34:35 2018] [*] [WatchDog] Wait signal to sync...
[Mon Nov 26 17:34:35 2018] [*] [Output] Wait signal to sync...
[Mon Nov 26 17:34:35 2018] [*] [Input] Wait signal to sync...
[Mon Nov 26 17:34:35 2018] [*] [WatchDog] Barrier Pass...
[Mon Nov 26 17:34:35 2018] [*] [Output] Barrier Pass...
[Mon Nov 26 17:34:35 2018] [*] [Input] Barrier Pass...
[Mon Nov 26 17:34:35 2018] [*] [WatchDog] phase down.
[Mon Nov 26 17:34:36 2018] [*] Remote Device Address : 000080c5f2ba7234 on AMD64
[Mon Nov 26 17:34:36 2018] [*] [WatchDog] phase up.
[Mon Nov 26 17:34:38 2018] [*] [WatchDog] Wait signal to sync...
[Mon Nov 26 17:34:38 2018] [*] [Output] Wait signal to sync...
[Mon Nov 26 17:34:38 2018] [*] [Input] client disconnected : ENO:[104]-EC:[-1]-LEN:[952].
[Mon Nov 26 17:34:38 2018] [*] [MainTask] Wait signal to sync...
[Mon Nov 26 17:34:38 2018] [*] [Input] Wait signal to sync...
[Mon Nov 26 17:34:38 2018] [*] [WatchDog] Barrier Pass...
[Mon Nov 26 17:34:38 2018] [*] [Input] Barrier Pass...
[Mon Nov 26 17:34:38 2018] [*] [MainTask] Barrier Pass...
[Mon Nov 26 17:34:38 2018] [*] [Output] Barrier Pass...
[Mon Nov 26 17:34:38 2018] [*] [WatchDog] phase down.
[Mon Nov 26 17:34:38 2018] [*] Session wait

[Mon Nov 26 17:34:40 2018] [*] Remote Device Address : 000080c5f2ba7234 on AMD64
[Mon Nov 26 17:34:40 2018] [*] [WatchDog] phase up.
[Mon Nov 26 17:34:42 2018] [*] [WatchDog] Wait signal to sync...
[Mon Nov 26 17:34:42 2018] [*] [Output] Wait signal to sync...
[Mon Nov 26 17:34:42 2018] [*] [Input] Wait signal to sync...
[Mon Nov 26 17:34:42 2018] [*] [MainTask] Wait signal to sync...
[Mon Nov 26 17:34:42 2018] [*] [WatchDog] Barrier Pass...
[Mon Nov 26 17:34:42 2018] [*] [WatchDog] phase down.
[Mon Nov 26 17:34:42 2018] [*] [Input] Barrier Pass...
[Mon Nov 26 17:34:42 2018] [*] [MainTask] Barrier Pass...
[Mon Nov 26 17:34:42 2018] [*] [Output] Barrier Pass...
[Mon Nov 26 17:34:42 2018] [*] Session wait

[Mon Nov 26 17:34:42 2018] [*] [Output] client disonnected. : ENO:[9]-EC:[-1]-LEN:[952].
[Mon Nov 26 17:34:42 2018] [*] [MS] Exit signal...
[Mon Nov 26 17:34:42 2018] [*] [WatchDog] Wait signal to sync...
[Mon Nov 26 17:34:42 2018] [*] [Input] Wait signal to sync...
[Mon Nov 26 17:34:42 2018] [*] [Output] Wait signal to sync...
[Mon Nov 26 17:34:42 2018] [*] [WatchDog] Barrier Pass...
[Mon Nov 26 17:34:42 2018] [*] [Input] Barrier Pass...
[Mon Nov 26 17:34:42 2018] [*] [Output] Barrier Pass...
[Mon Nov 26 17:34:42 2018] [*] [WatchDog] phase down.
[Mon Nov 26 17:34:44 2018] [*] Remote Device Address : 000080c5f2ba7234 on AMD64
[Mon Nov 26 17:34:44 2018] [*] [WatchDog] phase up.
[Mon Nov 26 17:34:46 2018] [*] [WatchDog] Wait signal to sync...
[Mon Nov 26 17:34:46 2018] [*] [Input] Wait signal to sync...
[Mon Nov 26 17:34:46 2018] [*] [MainTask] Wait signal to sync...
[Mon Nov 26 17:34:46 2018] [*] [Output] client disonnected. : ENO:[104]-EC:[-1]-LEN:[952].
[Mon Nov 26 17:34:46 2018] [*] [Output] Wait signal to sync...
[Mon Nov 26 17:34:46 2018] [*] [WatchDog] Barrier Pass...
[Mon Nov 26 17:34:46 2018] [*] [Output] Barrier Pass...
[Mon Nov 26 17:34:46 2018] [*] [MainTask] Barrier Pass...
[Mon Nov 26 17:34:46 2018] [*] [Input] Barrier Pass...
[Mon Nov 26 17:34:46 2018] [*] [WatchDog] phase down.
[Mon Nov 26 17:34:46 2018] [*] Session wait

[Mon Nov 26 17:34:47 2018] [*] Remote Device Address : 000080c5f2ba7234 on AMD64
[Mon Nov 26 17:34:47 2018] [*] [WatchDog] phase up.
[Mon Nov 26 17:34:50 2018] [*] [WatchDog] Wait signal to sync...
[Mon Nov 26 17:34:50 2018] [*] [Input] Wait signal to sync...
[Mon Nov 26 17:34:50 2018] [*] [MainTask] Wait signal to sync...
[Mon Nov 26 17:34:50 2018] [*] [Output] client disonnected. : ENO:[104]-EC:[-1]-LEN:[952].
[Mon Nov 26 17:34:50 2018] [*] [Output] Wait signal to sync...
[Mon Nov 26 17:34:50 2018] [*] [Input] Barrier Pass...
[Mon Nov 26 17:34:50 2018] [*] [WatchDog] Barrier Pass...
[Mon Nov 26 17:34:50 2018] [*] [Output] Barrier Pass...
[Mon Nov 26 17:34:50 2018] [*] [MainTask] Barrier Pass...
[Mon Nov 26 17:34:50 2018] [*] [WatchDog] phase down.
[Mon Nov 26 17:34:50 2018] [*] Session wait

[Mon Nov 26 17:34:51 2018] [*] Remote Device Address : 000080c5f2ba7234 on AMD64
[Mon Nov 26 17:34:51 2018] [*] [WatchDog] phase up.
[Mon Nov 26 17:34:54 2018] [*] [WatchDog] Wait signal to sync...
[Mon Nov 26 17:34:54 2018] [*] [Output] Wait signal to sync...
[Mon Nov 26 17:34:54 2018] [*] [Input] Wait signal to sync...
[Mon Nov 26 17:34:54 2018] [*] [MainTask] Wait signal to sync...
[Mon Nov 26 17:34:54 2018] [*] [WatchDog] Barrier Pass...
[Mon Nov 26 17:34:54 2018] [*] [Output] Barrier Pass...
[Mon Nov 26 17:34:54 2018] [*] [WatchDog] phase down.
[Mon Nov 26 17:34:54 2018] [*] [Output] client disonnected. : ENO:[104]-EC:[-1]-LEN:[952].
[Mon Nov 26 17:34:54 2018] [*] [Input] Barrier Pass...
[Mon Nov 26 17:34:54 2018] [*] [MainTask] Barrier Pass...
[Mon Nov 26 17:34:54 2018] [*] Session wait

[Mon Nov 26 17:34:55 2018] [*] Remote Device Address : 000080c5f2ba7234 on AMD64
[Mon Nov 26 17:34:55 2018] [*] [WatchDog] phase up.
[Mon Nov 26 17:34:56 2018] [*] [WatchDog] Wait signal to sync...
[Mon Nov 26 17:34:56 2018] [*] [Output] Wait signal to sync...
[Mon Nov 26 17:34:56 2018] [*] [Input] Wait signal to sync...
[Mon Nov 26 17:34:56 2018] [*] [MainTask] Wait signal to sync...
[Mon Nov 26 17:34:56 2018] [*] [WatchDog] Barrier Pass...
[Mon Nov 26 17:34:56 2018] [*] [Input] Barrier Pass...
[Mon Nov 26 17:34:56 2018] [*] [Output] Barrier Pass...
[Mon Nov 26 17:34:56 2018] [*] [MainTask] Barrier Pass...
[Mon Nov 26 17:34:56 2018] [*] [WatchDog] phase down.
[Mon Nov 26 17:34:56 2018] [*] Session wait

[Mon Nov 26 17:34:56 2018] [*] [Output] client disonnected. : ENO:[9]-EC:[-1]-LEN:[952].
[Mon Nov 26 17:34:56 2018] [*] [MS] Exit signal...
[Mon Nov 26 17:34:57 2018] [*] [WatchDog] Wait signal to sync...
[Mon Nov 26 17:34:57 2018] [*] [Input] Wait signal to sync...
[Mon Nov 26 17:34:57 2018] [*] [Output] Wait signal to sync...
[Mon Nov 26 17:34:57 2018] [*] [WatchDog] Barrier Pass...
[Mon Nov 26 17:34:57 2018] [*] [Input] Barrier Pass...
[Mon Nov 26 17:34:57 2018] [*] [Output] Barrier Pass...
[Mon Nov 26 17:34:57 2018] [*] [WatchDog] phase down.
[Mon Nov 26 17:34:58 2018] [*] Remote Device Address : 000080c5f2ba7234 on AMD64
[Mon Nov 26 17:34:58 2018] [*] [WatchDog] phase up.
[Mon Nov 26 17:34:59 2018] [*] [WatchDog] Wait signal to sync...
[Mon Nov 26 17:34:59 2018] [*] [MainTask] Wait signal to sync...
[Mon Nov 26 17:34:59 2018] [*] [Output] Wait signal to sync...
[Mon Nov 26 17:34:59 2018] [*] [Input] Wait signal to sync...
[Mon Nov 26 17:34:59 2018] [*] [WatchDog] Barrier Pass...
[Mon Nov 26 17:34:59 2018] [*] [MainTask] Barrier Pass...
[Mon Nov 26 17:34:59 2018] [*] [Output] Barrier Pass...
[Mon Nov 26 17:34:59 2018] [*] [Input] Barrier Pass...
[Mon Nov 26 17:34:59 2018] [*] [WatchDog] phase down.
[Mon Nov 26 17:34:59 2018] [*] Session wait

[Mon Nov 26 17:35:00 2018] [*] Remote Device Address : 000080c5f2ba7234 on AMD64
[Mon Nov 26 17:35:01 2018] [*] [WatchDog] phase up.
[Mon Nov 26 17:35:02 2018] [*] [WatchDog] Wait signal to sync...
[Mon Nov 26 17:35:02 2018] [*] [MainTask] Wait signal to sync...
[Mon Nov 26 17:35:02 2018] [*] [Output] Wait signal to sync...
[Mon Nov 26 17:35:02 2018] [*] [Input] Wait signal to sync...
[Mon Nov 26 17:35:02 2018] [*] [WatchDog] Barrier Pass...
[Mon Nov 26 17:35:02 2018] [*] [MainTask] Barrier Pass...
[Mon Nov 26 17:35:02 2018] [*] [Output] Barrier Pass...
[Mon Nov 26 17:35:02 2018] [*] Session wait

[Mon Nov 26 17:35:02 2018] [*] [WatchDog] phase down.
[Mon Nov 26 17:35:02 2018] [*] [Input] Barrier Pass...
[Mon Nov 26 17:35:04 2018] [*] Remote Device Address : 000080c5f2ba7234 on AMD64
[Mon Nov 26 17:35:04 2018] [*] [WatchDog] phase up.
[Mon Nov 26 17:35:06 2018] [*] [WatchDog] Wait signal to sync...
[Mon Nov 26 17:35:06 2018] [*] [Input] Wait signal to sync...
[Mon Nov 26 17:35:06 2018] [*] [Output] Wait signal to sync...
[Mon Nov 26 17:35:06 2018] [*] [MainTask] Wait signal to sync...
[Mon Nov 26 17:35:06 2018] [*] [WatchDog] Barrier Pass...
[Mon Nov 26 17:35:06 2018] [*] [Output] Barrier Pass...
[Mon Nov 26 17:35:06 2018] [*] [Input] Barrier Pass...
[Mon Nov 26 17:35:06 2018] [*] [MainTask] Barrier Pass...
[Mon Nov 26 17:35:06 2018] [*] [WatchDog] phase down.
[Mon Nov 26 17:35:06 2018] [*] Session wait

[Mon Nov 26 17:35:06 2018] [*] [Output] client disonnected. : ENO:[9]-EC:[-1]-LEN:[952].
[Mon Nov 26 17:35:06 2018] [*] [MS] Exit signal...
[Mon Nov 26 17:35:06 2018] [*] [WatchDog] Wait signal to sync...
[Mon Nov 26 17:35:06 2018] [*] [Input] Wait signal to sync...
[Mon Nov 26 17:35:06 2018] [*] [Output] Wait signal to sync...
[Mon Nov 26 17:35:06 2018] [*] [WatchDog] Barrier Pass...
[Mon Nov 26 17:35:06 2018] [*] [WatchDog] phase down.
[Mon Nov 26 17:35:06 2018] [*] [Input] Barrier Pass...
[Mon Nov 26 17:35:06 2018] [*] [Output] Barrier Pass...
[Mon Nov 26 17:35:07 2018] [*] Remote Device Address : 000080c5f2ba7234 on AMD64
[Mon Nov 26 17:35:07 2018] [*] [WatchDog] phase up.
[Mon Nov 26 17:35:09 2018] [*] [WatchDog] Wait signal to sync...
[Mon Nov 26 17:35:09 2018] [*] [MainTask] Wait signal to sync...
[Mon Nov 26 17:35:09 2018] [*] [Output] Wait signal to sync...
[Mon Nov 26 17:35:09 2018] [*] [Input] Wait signal to sync...
[Mon Nov 26 17:35:09 2018] [*] [WatchDog] Barrier Pass...
[Mon Nov 26 17:35:09 2018] [*] [MainTask] Barrier Pass...
[Mon Nov 26 17:35:09 2018] [*] [Input] Barrier Pass...
[Mon Nov 26 17:35:09 2018] [*] [Output] Barrier Pass...
[Mon Nov 26 17:35:09 2018] [*] [WatchDog] phase down.
[Mon Nov 26 17:35:09 2018] [*] Session wait

[Mon Nov 26 17:35:10 2018] [*] Remote Device Address : 000080c5f2ba7234 on AMD64
[Mon Nov 26 17:35:10 2018] [*] [WatchDog] phase up.
[Mon Nov 26 17:35:12 2018] [*] [WatchDog] Wait signal to sync...
[Mon Nov 26 17:35:12 2018] [*] [Output] Wait signal to sync...
[Mon Nov 26 17:35:12 2018] [*] [Input] Wait signal to sync...
[Mon Nov 26 17:35:12 2018] [*] [MainTask] Wait signal to sync...
[Mon Nov 26 17:35:12 2018] [*] [WatchDog] Barrier Pass...
[Mon Nov 26 17:35:12 2018] [*] [WatchDog] phase down.
[Mon Nov 26 17:35:12 2018] [*] [MainTask] Barrier Pass...
[Mon Nov 26 17:35:12 2018] [*] [Output] Barrier Pass...
[Mon Nov 26 17:35:12 2018] [*] [Input] Barrier Pass...
[Mon Nov 26 17:35:12 2018] [*] [Output] client disonnected. : ENO:[9]-EC:[-1]-LEN:[952].
[Mon Nov 26 17:35:12 2018] [*] Session wait

[Mon Nov 26 17:35:13 2018] [*] Remote Device Address : 000080c5f2ba7234 on AMD64
[Mon Nov 26 17:35:13 2018] [*] [WatchDog] phase up.
[Mon Nov 26 17:35:15 2018] [*] [WatchDog] Wait signal to sync...
[Mon Nov 26 17:35:15 2018] [*] [MainTask] Wait signal to sync...
[Mon Nov 26 17:35:15 2018] [*] [Output] Wait signal to sync...
[Mon Nov 26 17:35:15 2018] [*] [Input] Wait signal to sync...
[Mon Nov 26 17:35:15 2018] [*] [WatchDog] Barrier Pass...
[Mon Nov 26 17:35:15 2018] [*] [Input] Barrier Pass...
[Mon Nov 26 17:35:15 2018] [*] [MainTask] Barrier Pass...
[Mon Nov 26 17:35:15 2018] [*] [Output] Barrier Pass...
[Mon Nov 26 17:35:15 2018] [*] [WatchDog] phase down.
[Mon Nov 26 17:35:15 2018] [*] Session wait

[Mon Nov 26 17:35:21 2018] [*] Remote Device Address : 000080c5f2ba7234 on AMD64
[Mon Nov 26 17:35:21 2018] [*] [WatchDog] phase up.
[Mon Nov 26 17:37:50 2018] [*] [WatchDog] Wait signal to sync...
[Mon Nov 26 17:37:50 2018] [*] [Output] Wait signal to sync...
[Mon Nov 26 17:37:50 2018] [*] [Input] Wait signal to sync...
[Mon Nov 26 17:37:50 2018] [*] [MainTask] Wait signal to sync...
[Mon Nov 26 17:37:50 2018] [*] [WatchDog] Barrier Pass...
[Mon Nov 26 17:37:50 2018] [*] [Output] Barrier Pass...
[Mon Nov 26 17:37:50 2018] [*] [Input] Barrier Pass...
[Mon Nov 26 17:37:50 2018] [*] [MainTask] Barrier Pass...
[Mon Nov 26 17:37:50 2018] [*] [WatchDog] phase down.
[Mon Nov 26 17:37:50 2018] [*] Session wait

[Mon Nov 26 17:37:50 2018] [*] [Output] client disonnected. : ENO:[9]-EC:[-1]-LEN:[952].
[Mon Nov 26 17:37:50 2018] [*] [MS] Exit signal...
[Mon Nov 26 17:37:50 2018] [*] [WatchDog] Wait signal to sync...
[Mon Nov 26 17:37:50 2018] [*] [Output] Wait signal to sync...
[Mon Nov 26 17:37:50 2018] [*] [Input] Wait signal to sync...
[Mon Nov 26 17:37:50 2018] [*] [WatchDog] Barrier Pass...
[Mon Nov 26 17:37:50 2018] [*] [WatchDog] phase down.
[Mon Nov 26 17:37:50 2018] [*] [Input] Barrier Pass...
[Mon Nov 26 17:37:50 2018] [*] [Output] Barrier Pass...
[Mon Nov 26 17:37:50 2018] [*] Remote Device Address : 000080c5f2ba7234 on AMD64
[Mon Nov 26 17:37:51 2018] [*] [WatchDog] phase up.
[Mon Nov 26 17:37:52 2018] [*] [WatchDog] Wait signal to sync...
[Mon Nov 26 17:37:52 2018] [*] [Input] Wait signal to sync...
[Mon Nov 26 17:37:52 2018] [*] [Output] Wait signal to sync...
[Mon Nov 26 17:37:52 2018] [*] [MainTask] Wait signal to sync...
[Mon Nov 26 17:37:52 2018] [*] [WatchDog] Barrier Pass...
[Mon Nov 26 17:37:52 2018] [*] [Output] Barrier Pass...
[Mon Nov 26 17:37:52 2018] [*] [MainTask] Barrier Pass...
[Mon Nov 26 17:37:52 2018] [*] [Input] Barrier Pass...
[Mon Nov 26 17:37:52 2018] [*] [WatchDog] phase down.
[Mon Nov 26 17:37:52 2018] [*] Session wait

[Mon Nov 26 17:37:52 2018] [*] [Output] client disonnected. : ENO:[9]-EC:[-1]-LEN:[952].
[Mon Nov 26 17:37:52 2018] [*] [MS] Exit signal...
[Mon Nov 26 17:37:52 2018] [*] [WatchDog] Wait signal to sync...
[Mon Nov 26 17:37:52 2018] [*] [Output] Wait signal to sync...
[Mon Nov 26 17:37:52 2018] [*] [Input] Wait signal to sync...
[Mon Nov 26 17:37:52 2018] [*] [WatchDog] Barrier Pass...
[Mon Nov 26 17:37:52 2018] [*] [Output] Barrier Pass...
[Mon Nov 26 17:37:52 2018] [*] [Input] Barrier Pass...
[Mon Nov 26 17:37:52 2018] [*] [WatchDog] phase down.
[Mon Nov 26 17:37:53 2018] [*] Remote Device Address : 000080c5f2ba7234 on AMD64
[Mon Nov 26 17:37:53 2018] [*] [WatchDog] phase up.
[Mon Nov 26 17:37:54 2018] [*] [WatchDog] Wait signal to sync...
[Mon Nov 26 17:37:54 2018] [*] [Input] Wait signal to sync...
[Mon Nov 26 17:37:54 2018] [*] [MainTask] Wait signal to sync...
[Mon Nov 26 17:37:54 2018] [*] [Output] client disonnected. : ENO:[104]-EC:[-1]-LEN:[952].
[Mon Nov 26 17:37:54 2018] [*] [Output] Wait signal to sync...
[Mon Nov 26 17:37:54 2018] [*] [WatchDog] Barrier Pass...
[Mon Nov 26 17:37:54 2018] [*] [MainTask] Barrier Pass...
[Mon Nov 26 17:37:54 2018] [*] [Input] Barrier Pass...
[Mon Nov 26 17:37:54 2018] [*] [Output] Barrier Pass...
[Mon Nov 26 17:37:54 2018] [*] [WatchDog] phase down.
[Mon Nov 26 17:37:54 2018] [*] Session wait

[Mon Nov 26 17:37:55 2018] [*] Remote Device Address : 000080c5f2ba7234 on AMD64
[Mon Nov 26 17:37:55 2018] [*] [WatchDog] phase up.
[Mon Nov 26 17:37:56 2018] [*] [Input] client disconnected : ENO:[104]-EC:[-1]-LEN:[952].
[Mon Nov 26 17:37:56 2018] [*] [WatchDog] Wait signal to sync...
[Mon Nov 26 17:37:56 2018] [*] [MainTask] Wait signal to sync...
[Mon Nov 26 17:37:56 2018] [*] [Output] Wait signal to sync...
[Mon Nov 26 17:37:56 2018] [*] [Input] Wait signal to sync...
[Mon Nov 26 17:37:56 2018] [*] [WatchDog] Barrier Pass...
[Mon Nov 26 17:37:56 2018] [*] [MainTask] Barrier Pass...
[Mon Nov 26 17:37:56 2018] [*] [Output] Barrier Pass...
[Mon Nov 26 17:37:56 2018] [*] [Input] Barrier Pass...
[Mon Nov 26 17:37:56 2018] [*] [WatchDog] phase down.
[Mon Nov 26 17:37:56 2018] [*] Session wait

[Mon Nov 26 17:37:57 2018] [*] Remote Device Address : 000080c5f2ba7234 on AMD64
[Mon Nov 26 17:37:57 2018] [*] [WatchDog] phase up.
[Mon Nov 26 17:38:00 2018] [*] [WatchDog] Wait signal to sync...
[Mon Nov 26 17:38:00 2018] [*] [Input] Wait signal to sync...
[Mon Nov 26 17:38:00 2018] [*] [MainTask] Wait signal to sync...
[Mon Nov 26 17:38:00 2018] [*] [Output] client disonnected. : ENO:[104]-EC:[-1]-LEN:[952].
[Mon Nov 26 17:38:00 2018] [*] [Output] Wait signal to sync...
[Mon Nov 26 17:38:00 2018] [*] [WatchDog] Barrier Pass...
[Mon Nov 26 17:38:00 2018] [*] [MainTask] Barrier Pass...
[Mon Nov 26 17:38:00 2018] [*] [Input] Barrier Pass...
[Mon Nov 26 17:38:00 2018] [*] Session wait

[Mon Nov 26 17:38:00 2018] [*] [WatchDog] phase down.
[Mon Nov 26 17:38:00 2018] [*] [Output] Barrier Pass...
[Mon Nov 26 17:38:00 2018] [*] Remote Device Address : 000080c5f2ba7234 on AMD64
[Mon Nov 26 17:38:01 2018] [*] [WatchDog] phase up.
[Mon Nov 26 17:38:02 2018] [*] [WatchDog] Wait signal to sync...
[Mon Nov 26 17:38:02 2018] [*] [Output] Wait signal to sync...
[Mon Nov 26 17:38:02 2018] [*] [Input] Wait signal to sync...
[Mon Nov 26 17:38:02 2018] [*] [MainTask] Wait signal to sync...
[Mon Nov 26 17:38:02 2018] [*] [WatchDog] Barrier Pass...
[Mon Nov 26 17:38:02 2018] [*] [Input] Barrier Pass...
[Mon Nov 26 17:38:02 2018] [*] [MainTask] Barrier Pass...
[Mon Nov 26 17:38:02 2018] [*] [Output] Barrier Pass...
[Mon Nov 26 17:38:02 2018] [*] [WatchDog] phase down.
[Mon Nov 26 17:38:02 2018] [*] Session wait

[Mon Nov 26 17:38:02 2018] [*] [Output] client disonnected. : ENO:[9]-EC:[-1]-LEN:[952].
[Mon Nov 26 17:38:02 2018] [*] [MS] Exit signal...
[Mon Nov 26 17:38:03 2018] [*] [WatchDog] Wait signal to sync...
[Mon Nov 26 17:38:03 2018] [*] [Output] Wait signal to sync...
[Mon Nov 26 17:38:03 2018] [*] [Input] Wait signal to sync...
[Mon Nov 26 17:38:03 2018] [*] [WatchDog] Barrier Pass...
[Mon Nov 26 17:38:03 2018] [*] [WatchDog] phase down.
[Mon Nov 26 17:38:03 2018] [*] [Input] Barrier Pass...
[Mon Nov 26 17:38:03 2018] [*] [Output] Barrier Pass...
[Mon Nov 26 17:38:09 2018] [*] Remote Device Address : 000080c5f2ba7234 on AMD64
[Mon Nov 26 17:38:09 2018] [*] [WatchDog] phase up.
[Mon Nov 26 17:38:11 2018] [*] [WatchDog] Wait signal to sync...
[Mon Nov 26 17:38:11 2018] [*] [Input] Wait signal to sync...
[Mon Nov 26 17:38:11 2018] [*] [MainTask] Wait signal to sync...
[Mon Nov 26 17:38:11 2018] [*] [Output] client disonnected. : ENO:[104]-EC:[-1]-LEN:[952].
[Mon Nov 26 17:38:11 2018] [*] [Output] Wait signal to sync...
[Mon Nov 26 17:38:11 2018] [*] [WatchDog] Barrier Pass...
[Mon Nov 26 17:38:11 2018] [*] [Input] Barrier Pass...
[Mon Nov 26 17:38:11 2018] [*] [MainTask] Barrier Pass...
[Mon Nov 26 17:38:11 2018] [*] [Output] Barrier Pass...
[Mon Nov 26 17:38:11 2018] [*] [WatchDog] phase down.
[Mon Nov 26 17:38:11 2018] [*] Session wait

[Mon Nov 26 17:38:13 2018] [*] Remote Device Address : 000080c5f2ba7234 on AMD64
[Mon Nov 26 17:38:13 2018] [*] [WatchDog] phase up.
[Mon Nov 26 17:38:16 2018] [*] [WatchDog] Wait signal to sync...
[Mon Nov 26 17:38:16 2018] [*] [MainTask] Wait signal to sync...
[Mon Nov 26 17:38:16 2018] [*] [Output] Wait signal to sync...
[Mon Nov 26 17:38:16 2018] [*] [Input] Wait signal to sync...
[Mon Nov 26 17:38:16 2018] [*] [WatchDog] Barrier Pass...
[Mon Nov 26 17:38:16 2018] [*] [Input] Barrier Pass...
[Mon Nov 26 17:38:16 2018] [*] [MainTask] Barrier Pass...
[Mon Nov 26 17:38:16 2018] [*] [Output] Barrier Pass...
[Mon Nov 26 17:38:16 2018] [*] [WatchDog] phase down.
[Mon Nov 26 17:38:16 2018] [*] Session wait

[Mon Nov 26 17:38:16 2018] [*] Remote Device Address : 000080c5f2ba7234 on AMD64
[Mon Nov 26 17:38:16 2018] [*] [WatchDog] phase up.
[Mon Nov 26 17:38:19 2018] [*] [WatchDog] Wait signal to sync...
[Mon Nov 26 17:38:19 2018] [*] [Output] Wait signal to sync...
[Mon Nov 26 17:38:19 2018] [*] [Input] Wait signal to sync...
[Mon Nov 26 17:38:19 2018] [*] [MainTask] Wait signal to sync...
[Mon Nov 26 17:38:19 2018] [*] [WatchDog] Barrier Pass...
[Mon Nov 26 17:38:19 2018] [*] [Output] Barrier Pass...
[Mon Nov 26 17:38:19 2018] [*] [Input] Barrier Pass...
[Mon Nov 26 17:38:19 2018] [*] [WatchDog] phase down.
[Mon Nov 26 17:38:19 2018] [*] [MainTask] Barrier Pass...
[Mon Nov 26 17:38:19 2018] [*] [Output] client disonnected. : ENO:[104]-EC:[-1]-LEN:[952].
[Mon Nov 26 17:38:19 2018] [*] Session wait

[Mon Nov 26 17:38:21 2018] [*] Remote Device Address : 000080c5f2ba7234 on AMD64
[Mon Nov 26 17:38:21 2018] [*] [WatchDog] phase up.
[Mon Nov 26 17:38:25 2018] [*] [WatchDog] Wait signal to sync...
[Mon Nov 26 17:38:25 2018] [*] [Output] Wait signal to sync...
[Mon Nov 26 17:38:25 2018] [*] [Input] Wait signal to sync...
[Mon Nov 26 17:38:25 2018] [*] [MainTask] Wait signal to sync...
[Mon Nov 26 17:38:25 2018] [*] [WatchDog] Barrier Pass...
[Mon Nov 26 17:38:25 2018] [*] [WatchDog] phase down.
[Mon Nov 26 17:38:25 2018] [*] [Output] Barrier Pass...
[Mon Nov 26 17:38:25 2018] [*] [Input] Barrier Pass...
[Mon Nov 26 17:38:25 2018] [*] [MainTask] Barrier Pass...
[Mon Nov 26 17:38:25 2018] [*] [Output] client disonnected. : ENO:[104]-EC:[-1]-LEN:[952].
[Mon Nov 26 17:38:25 2018] [*] Session wait

[Mon Nov 26 17:38:26 2018] [*] Remote Device Address : 000080c5f2ba7234 on AMD64
[Mon Nov 26 17:38:26 2018] [*] [WatchDog] phase up.
[Mon Nov 26 17:38:31 2018] [*] [WatchDog] Wait signal to sync...
[Mon Nov 26 17:38:31 2018] [*] [Input] Wait signal to sync...
[Mon Nov 26 17:38:31 2018] [*] [MainTask] Wait signal to sync...
[Mon Nov 26 17:38:31 2018] [*] [Output] client disonnected. : ENO:[104]-EC:[-1]-LEN:[952].
[Mon Nov 26 17:38:31 2018] [*] [Output] Wait signal to sync...
[Mon Nov 26 17:38:31 2018] [*] [WatchDog] Barrier Pass...
[Mon Nov 26 17:38:31 2018] [*] [Output] Barrier Pass...
[Mon Nov 26 17:38:31 2018] [*] [MainTask] Barrier Pass...
[Mon Nov 26 17:38:31 2018] [*] [Input] Barrier Pass...
[Mon Nov 26 17:38:31 2018] [*] [WatchDog] phase down.
[Mon Nov 26 17:38:31 2018] [*] Session wait

[Mon Nov 26 17:38:33 2018] [*] Remote Device Address : 000080c5f2ba7234 on AMD64
[Mon Nov 26 17:38:33 2018] [*] [WatchDog] phase up.
[Mon Nov 26 17:38:36 2018] [*] [WatchDog] Wait signal to sync...
[Mon Nov 26 17:38:36 2018] [*] [Input] Wait signal to sync...
[Mon Nov 26 17:38:36 2018] [*] [MainTask] Wait signal to sync...
[Mon Nov 26 17:38:36 2018] [*] [Output] client disonnected. : ENO:[104]-EC:[-1]-LEN:[952].
[Mon Nov 26 17:38:36 2018] [*] [Output] Wait signal to sync...
[Mon Nov 26 17:38:36 2018] [*] [WatchDog] Barrier Pass...
[Mon Nov 26 17:38:36 2018] [*] [Input] Barrier Pass...
[Mon Nov 26 17:38:36 2018] [*] [MainTask] Barrier Pass...
[Mon Nov 26 17:38:36 2018] [*] [Output] Barrier Pass...
[Mon Nov 26 17:38:36 2018] [*] [WatchDog] phase down.
[Mon Nov 26 17:38:36 2018] [*] Session wait

[Mon Nov 26 17:38:37 2018] [*] Remote Device Address : 000080c5f2ba7234 on AMD64
[Mon Nov 26 17:38:37 2018] [*] [WatchDog] phase up.
[Mon Nov 26 17:38:41 2018] [*] [WatchDog] Wait signal to sync...
[Mon Nov 26 17:38:41 2018] [*] [MainTask] Wait signal to sync...
[Mon Nov 26 17:38:41 2018] [*] [Output] Wait signal to sync...
[Mon Nov 26 17:38:41 2018] [*] [Input] Wait signal to sync...
[Mon Nov 26 17:38:41 2018] [*] [WatchDog] Barrier Pass...
[Mon Nov 26 17:38:41 2018] [*] [Input] Barrier Pass...
[Mon Nov 26 17:38:41 2018] [*] [MainTask] Barrier Pass...
[Mon Nov 26 17:38:41 2018] [*] [Output] Barrier Pass...
[Mon Nov 26 17:38:41 2018] [*] [WatchDog] phase down.
[Mon Nov 26 17:38:41 2018] [*] Session wait

[Mon Nov 26 17:38:43 2018] [*] Remote Device Address : 000080c5f2ba7234 on AMD64
[Mon Nov 26 17:38:43 2018] [*] [WatchDog] phase up.
[Mon Nov 26 17:38:45 2018] [*] [WatchDog] Wait signal to sync...
[Mon Nov 26 17:38:45 2018] [*] [Input] client disconnected : ENO:[104]-EC:[-1]-LEN:[952].
[Mon Nov 26 17:38:45 2018] [*] [MainTask] Wait signal to sync...
[Mon Nov 26 17:38:45 2018] [*] [Output] Wait signal to sync...
[Mon Nov 26 17:38:45 2018] [*] [Input] Wait signal to sync...
[Mon Nov 26 17:38:45 2018] [*] [WatchDog] Barrier Pass...
[Mon Nov 26 17:38:45 2018] [*] [Input] Barrier Pass...
[Mon Nov 26 17:38:45 2018] [*] [Output] Barrier Pass...
[Mon Nov 26 17:38:45 2018] [*] [MainTask] Barrier Pass...
[Mon Nov 26 17:38:45 2018] [*] [WatchDog] phase down.
[Mon Nov 26 17:38:45 2018] [*] Session wait

[Mon Nov 26 17:39:22 2018] [*] Remote Device Address : 000080c5f2ba7234 on AMD64
[Mon Nov 26 17:39:22 2018] [*] [WatchDog] phase up.
[Mon Nov 26 17:39:22 2018] [*] [WatchDog] Wait signal to sync...
[Mon Nov 26 17:39:22 2018] [*] [Input] Wait signal to sync...
[Mon Nov 26 17:39:22 2018] [*] [MainTask] Wait signal to sync...
[Mon Nov 26 17:39:22 2018] [*] [Output] Wait signal to sync...
[Mon Nov 26 17:39:22 2018] [*] [WatchDog] Barrier Pass...
[Mon Nov 26 17:39:22 2018] [*] [MainTask] Barrier Pass...
[Mon Nov 26 17:39:22 2018] [*] [Input] Barrier Pass...
[Mon Nov 26 17:39:22 2018] [*] [Output] Barrier Pass...
[Mon Nov 26 17:39:22 2018] [*] [WatchDog] phase down.
[Mon Nov 26 17:39:22 2018] [*] Session wait

[Mon Nov 26 17:39:26 2018] [*] Remote Device Address : 000080c5f2ba7234 on AMD64
[Mon Nov 26 17:39:26 2018] [*] [WatchDog] phase up.
[Mon Nov 26 17:39:26 2018] [*] [MainTask] Wait signal to sync...
[Mon Nov 26 17:39:26 2018] [*] [WatchDog] Wait signal to sync...
[Mon Nov 26 17:39:26 2018] [*] [Output] Wait signal to sync...
[Mon Nov 26 17:39:26 2018] [*] [Input] Wait signal to sync...
[Mon Nov 26 17:39:26 2018] [*] [WatchDog] Barrier Pass...
[Mon Nov 26 17:39:26 2018] [*] [Input] Barrier Pass...
[Mon Nov 26 17:39:26 2018] [*] [Output] Barrier Pass...
[Mon Nov 26 17:39:26 2018] [*] [MainTask] Barrier Pass...
[Mon Nov 26 17:39:26 2018] [*] [WatchDog] phase down.
[Mon Nov 26 17:39:26 2018] [*] Session wait

[Mon Nov 26 17:39:28 2018] [*] Remote Device Address : 000080c5f2ba7234 on AMD64
[Mon Nov 26 17:39:28 2018] [*] [WatchDog] phase up.
[Mon Nov 26 17:39:28 2018] [*] [WatchDog] Wait signal to sync...
[Mon Nov 26 17:39:28 2018] [*] [MainTask] Wait signal to sync...
[Mon Nov 26 17:39:28 2018] [*] [Output] Wait signal to sync...
[Mon Nov 26 17:39:28 2018] [*] [Input] Wait signal to sync...
[Mon Nov 26 17:39:28 2018] [*] [WatchDog] Barrier Pass...
[Mon Nov 26 17:39:28 2018] [*] [MainTask] Barrier Pass...
[Mon Nov 26 17:39:28 2018] [*] [Output] Barrier Pass...
[Mon Nov 26 17:39:28 2018] [*] [Input] Barrier Pass...
[Mon Nov 26 17:39:28 2018] [*] [WatchDog] phase down.
[Mon Nov 26 17:39:28 2018] [*] Session wait

[Mon Nov 26 17:39:29 2018] [*] Remote Device Address : 000080c5f2ba7234 on AMD64
[Mon Nov 26 17:39:29 2018] [*] [WatchDog] phase up.
[Mon Nov 26 17:39:29 2018] [*] [WatchDog] Wait signal to sync...
[Mon Nov 26 17:39:29 2018] [*] [MainTask] Wait signal to sync...
[Mon Nov 26 17:39:29 2018] [*] [Output] Wait signal to sync...
[Mon Nov 26 17:39:29 2018] [*] [Input] Wait signal to sync...
[Mon Nov 26 17:39:29 2018] [*] [WatchDog] Barrier Pass...
[Mon Nov 26 17:39:29 2018] [*] [MainTask] Barrier Pass...
[Mon Nov 26 17:39:29 2018] [*] [Output] Barrier Pass...
[Mon Nov 26 17:39:29 2018] [*] Session wait

[Mon Nov 26 17:39:29 2018] [*] [WatchDog] phase down.
[Mon Nov 26 17:39:29 2018] [*] [Input] Barrier Pass...
[Mon Nov 26 17:39:31 2018] [*] Remote Device Address : 000080c5f2ba7234 on AMD64
[Mon Nov 26 17:39:31 2018] [*] [WatchDog] phase up.
[Mon Nov 26 17:39:31 2018] [*] [WatchDog] Wait signal to sync...
[Mon Nov 26 17:39:31 2018] [*] [MainTask] Wait signal to sync...
[Mon Nov 26 17:39:31 2018] [*] [Output] Wait signal to sync...
[Mon Nov 26 17:39:31 2018] [*] [Input] Wait signal to sync...
[Mon Nov 26 17:39:31 2018] [*] [WatchDog] Barrier Pass...
[Mon Nov 26 17:39:31 2018] [*] [MainTask] Barrier Pass...
[Mon Nov 26 17:39:31 2018] [*] [Input] Barrier Pass...
[Mon Nov 26 17:39:31 2018] [*] [Output] Barrier Pass...
[Mon Nov 26 17:39:31 2018] [*] [WatchDog] phase down.
[Mon Nov 26 17:39:31 2018] [*] Session wait

[Mon Nov 26 17:39:33 2018] [*] Remote Device Address : 000080c5f2ba7234 on AMD64
[Mon Nov 26 17:39:33 2018] [*] [WatchDog] phase up.
[Mon Nov 26 17:39:33 2018] [*] [WatchDog] Wait signal to sync...
[Mon Nov 26 17:39:33 2018] [*] [MainTask] Wait signal to sync...
[Mon Nov 26 17:39:33 2018] [*] [Output] Wait signal to sync...
[Mon Nov 26 17:39:33 2018] [*] [Input] Wait signal to sync...
[Mon Nov 26 17:39:33 2018] [*] [WatchDog] Barrier Pass...
[Mon Nov 26 17:39:33 2018] [*] [Output] Barrier Pass...
[Mon Nov 26 17:39:33 2018] [*] [Input] Barrier Pass...
[Mon Nov 26 17:39:33 2018] [*] [MainTask] Barrier Pass...
[Mon Nov 26 17:39:33 2018] [*] [WatchDog] phase down.
[Mon Nov 26 17:39:33 2018] [*] Session wait

[Mon Nov 26 17:39:34 2018] [*] Remote Device Address : 000080c5f2ba7234 on AMD64
[Mon Nov 26 17:39:34 2018] [*] [WatchDog] phase up.
[Mon Nov 26 17:39:34 2018] [*] [WatchDog] Wait signal to sync...
[Mon Nov 26 17:39:34 2018] [*] [MainTask] Wait signal to sync...
[Mon Nov 26 17:39:34 2018] [*] [Output] Wait signal to sync...
[Mon Nov 26 17:39:34 2018] [*] [Input] Wait signal to sync...
[Mon Nov 26 17:39:34 2018] [*] [WatchDog] Barrier Pass...
[Mon Nov 26 17:39:34 2018] [*] [WatchDog] phase down.
[Mon Nov 26 17:39:34 2018] [*] [Input] Barrier Pass...
[Mon Nov 26 17:39:34 2018] [*] [MainTask] Barrier Pass...
[Mon Nov 26 17:39:34 2018] [*] [Output] Barrier Pass...
[Mon Nov 26 17:39:34 2018] [*] Session wait

[Mon Nov 26 17:39:36 2018] [*] Remote Device Address : 000080c5f2ba7234 on AMD64
[Mon Nov 26 17:39:36 2018] [*] [WatchDog] phase up.
[Mon Nov 26 17:39:36 2018] [*] [WatchDog] Wait signal to sync...
[Mon Nov 26 17:39:36 2018] [*] [MainTask] Wait signal to sync...
[Mon Nov 26 17:39:36 2018] [*] [Output] Wait signal to sync...
[Mon Nov 26 17:39:36 2018] [*] [Input] Wait signal to sync...
[Mon Nov 26 17:39:36 2018] [*] [WatchDog] Barrier Pass...
[Mon Nov 26 17:39:36 2018] [*] [Output] Barrier Pass...
[Mon Nov 26 17:39:36 2018] [*] [Input] Barrier Pass...
[Mon Nov 26 17:39:36 2018] [*] [MainTask] Barrier Pass...
[Mon Nov 26 17:39:36 2018] [*] [WatchDog] phase down.
[Mon Nov 26 17:39:36 2018] [*] Session wait

[Mon Nov 26 17:39:42 2018] [*] Remote Device Address : 000080c5f2ba7234 on AMD64
[Mon Nov 26 17:39:42 2018] [*] [WatchDog] phase up.
[Mon Nov 26 17:39:42 2018] [*] [MainTask] Wait signal to sync...
[Mon Nov 26 17:39:42 2018] [*] [WatchDog] Wait signal to sync...
[Mon Nov 26 17:39:42 2018] [*] [Output] Wait signal to sync...
[Mon Nov 26 17:39:42 2018] [*] [Input] Wait signal to sync...
[Mon Nov 26 17:39:42 2018] [*] [WatchDog] Barrier Pass...
[Mon Nov 26 17:39:42 2018] [*] [Output] Barrier Pass...
[Mon Nov 26 17:39:42 2018] [*] [Input] Barrier Pass...
[Mon Nov 26 17:39:42 2018] [*] [MainTask] Barrier Pass...
[Mon Nov 26 17:39:42 2018] [*] [WatchDog] phase down.
[Mon Nov 26 17:39:42 2018] [*] Session wait

[Mon Nov 26 17:39:43 2018] [*] Remote Device Address : 000080c5f2ba7234 on AMD64
[Mon Nov 26 17:39:44 2018] [*] [WatchDog] phase up.
[Mon Nov 26 17:39:44 2018] [*] [WatchDog] Wait signal to sync...
[Mon Nov 26 17:39:44 2018] [*] [MainTask] Wait signal to sync...
[Mon Nov 26 17:39:44 2018] [*] [Output] Wait signal to sync...
[Mon Nov 26 17:39:44 2018] [*] [Input] Wait signal to sync...
[Mon Nov 26 17:39:44 2018] [*] [WatchDog] Barrier Pass...
[Mon Nov 26 17:39:44 2018] [*] [MainTask] Barrier Pass...
[Mon Nov 26 17:39:44 2018] [*] [WatchDog] phase down.
[Mon Nov 26 17:39:44 2018] [*] Session wait

[Mon Nov 26 17:39:44 2018] [*] [Output] Barrier Pass...
[Mon Nov 26 17:39:44 2018] [*] [Input] Barrier Pass...
[Mon Nov 26 17:40:26 2018] [*] Remote Device Address : 000080c5f2ba7234 on AMD64
[Mon Nov 26 17:40:26 2018] [*] [WatchDog] phase up.
[Mon Nov 26 17:40:26 2018] [*] [WatchDog] Wait signal to sync...
[Mon Nov 26 17:40:26 2018] [*] [Output] Wait signal to sync...
[Mon Nov 26 17:40:26 2018] [*] [Input] client disconnected : ENO:[104]-EC:[-1]-LEN:[952].
[Mon Nov 26 17:40:26 2018] [*] [MainTask] Wait signal to sync...
[Mon Nov 26 17:40:26 2018] [*] [Input] Wait signal to sync...
[Mon Nov 26 17:40:26 2018] [*] [Output] Barrier Pass...
[Mon Nov 26 17:40:26 2018] [*] [Input] Barrier Pass...
[Mon Nov 26 17:40:26 2018] [*] [MainTask] Barrier Pass...
[Mon Nov 26 17:40:26 2018] [*] [WatchDog] Barrier Pass...
[Mon Nov 26 17:40:26 2018] [*] Session wait

[Mon Nov 26 17:40:26 2018] [*] [WatchDog] phase down.
[Mon Nov 26 17:40:27 2018] [*] Remote Device Address : 000080c5f2ba7234 on AMD64
[Mon Nov 26 17:40:28 2018] [*] [WatchDog] phase up.
[Mon Nov 26 17:40:28 2018] [*] [WatchDog] Wait signal to sync...
[Mon Nov 26 17:40:28 2018] [*] [Output] Wait signal to sync...
[Mon Nov 26 17:40:28 2018] [*] [Input] client disconnected : ENO:[104]-EC:[-1]-LEN:[952].
[Mon Nov 26 17:40:28 2018] [*] [MainTask] Wait signal to sync...
[Mon Nov 26 17:40:28 2018] [*] [Input] Wait signal to sync...
[Mon Nov 26 17:40:28 2018] [*] [WatchDog] Barrier Pass...
[Mon Nov 26 17:40:28 2018] [*] [Output] Barrier Pass...
[Mon Nov 26 17:40:28 2018] [*] [MainTask] Barrier Pass...
[Mon Nov 26 17:40:28 2018] [*] [WatchDog] phase down.
[Mon Nov 26 17:40:28 2018] [*] Session wait

[Mon Nov 26 17:40:28 2018] [*] [Input] Barrier Pass...
[Mon Nov 26 17:40:29 2018] [*] Remote Device Address : 000080c5f2ba7234 on AMD64
[Mon Nov 26 17:40:29 2018] [*] [WatchDog] phase up.
[Mon Nov 26 17:40:29 2018] [*] [WatchDog] Wait signal to sync...
[Mon Nov 26 17:40:29 2018] [*] [Input] client disconnected : ENO:[104]-EC:[-1]-LEN:[952].
[Mon Nov 26 17:40:29 2018] [*] [MainTask] Wait signal to sync...
[Mon Nov 26 17:40:29 2018] [*] [Output] Wait signal to sync...
[Mon Nov 26 17:40:29 2018] [*] [Input] Wait signal to sync...
[Mon Nov 26 17:40:29 2018] [*] [WatchDog] Barrier Pass...
[Mon Nov 26 17:40:29 2018] [*] [MainTask] Barrier Pass...
[Mon Nov 26 17:40:29 2018] [*] [Output] Barrier Pass...
[Mon Nov 26 17:40:29 2018] [*] [Input] Barrier Pass...
[Mon Nov 26 17:40:29 2018] [*] [WatchDog] phase down.
[Mon Nov 26 17:40:29 2018] [*] Session wait

[Mon Nov 26 17:40:30 2018] [*] Remote Device Address : 000080c5f2ba7234 on AMD64
[Mon Nov 26 17:40:30 2018] [*] [WatchDog] phase up.
[Mon Nov 26 17:40:30 2018] [*] [WatchDog] Wait signal to sync...
[Mon Nov 26 17:40:30 2018] [*] [Output] Wait signal to sync...
[Mon Nov 26 17:40:30 2018] [*] [MainTask] Wait signal to sync...
[Mon Nov 26 17:40:30 2018] [*] [Input] Wait signal to sync...
[Mon Nov 26 17:40:30 2018] [*] [WatchDog] Barrier Pass...
[Mon Nov 26 17:40:30 2018] [*] [Output] Barrier Pass...
[Mon Nov 26 17:40:30 2018] [*] [MainTask] Barrier Pass...
[Mon Nov 26 17:40:30 2018] [*] [Input] Barrier Pass...
[Mon Nov 26 17:40:30 2018] [*] [WatchDog] phase down.
[Mon Nov 26 17:40:30 2018] [*] Session wait

[Mon Nov 26 17:40:31 2018] [*] Remote Device Address : 000080c5f2ba7234 on AMD64
[Mon Nov 26 17:40:31 2018] [*] [WatchDog] phase up.
[Mon Nov 26 17:40:31 2018] [*] [WatchDog] Wait signal to sync...
[Mon Nov 26 17:40:31 2018] [*] [Input] client disconnected : ENO:[104]-EC:[-1]-LEN:[952].
[Mon Nov 26 17:40:31 2018] [*] [MainTask] Wait signal to sync...
[Mon Nov 26 17:40:31 2018] [*] [Output] Wait signal to sync...
[Mon Nov 26 17:40:31 2018] [*] [Input] Wait signal to sync...
[Mon Nov 26 17:40:31 2018] [*] [WatchDog] Barrier Pass...
[Mon Nov 26 17:40:31 2018] [*] [MainTask] Barrier Pass...
[Mon Nov 26 17:40:31 2018] [*] [Output] Barrier Pass...
[Mon Nov 26 17:40:31 2018] [*] [Input] Barrier Pass...
[Mon Nov 26 17:40:31 2018] [*] [WatchDog] phase down.
[Mon Nov 26 17:40:31 2018] [*] Session wait

[Mon Nov 26 17:40:32 2018] [*] Remote Device Address : 000080c5f2ba7234 on AMD64
[Mon Nov 26 17:40:33 2018] [*] [WatchDog] phase up.
[Mon Nov 26 17:40:33 2018] [*] [WatchDog] Wait signal to sync...
[Mon Nov 26 17:40:33 2018] [*] [MainTask] Wait signal to sync...
[Mon Nov 26 17:40:33 2018] [*] [Input] client disconnected : ENO:[104]-EC:[-1]-LEN:[952].
[Mon Nov 26 17:40:33 2018] [*] [Output] Wait signal to sync...
[Mon Nov 26 17:40:33 2018] [*] [Input] Wait signal to sync...
[Mon Nov 26 17:40:33 2018] [*] [WatchDog] Barrier Pass...
[Mon Nov 26 17:40:33 2018] [*] [MainTask] Barrier Pass...
[Mon Nov 26 17:40:33 2018] [*] [Output] Barrier Pass...
[Mon Nov 26 17:40:33 2018] [*] [Input] Barrier Pass...
[Mon Nov 26 17:40:33 2018] [*] [WatchDog] phase down.
[Mon Nov 26 17:40:33 2018] [*] Session wait

[Mon Nov 26 17:40:34 2018] [*] Remote Device Address : 000080c5f2ba7234 on AMD64
[Mon Nov 26 17:40:34 2018] [*] [WatchDog] phase up.
[Mon Nov 26 17:40:34 2018] [*] [WatchDog] Wait signal to sync...
[Mon Nov 26 17:40:34 2018] [*] [MainTask] Wait signal to sync...
[Mon Nov 26 17:40:34 2018] [*] [Output] Wait signal to sync...
[Mon Nov 26 17:40:34 2018] [*] [Input] Wait signal to sync...
[Mon Nov 26 17:40:34 2018] [*] [WatchDog] Barrier Pass...
[Mon Nov 26 17:40:34 2018] [*] [MainTask] Barrier Pass...
[Mon Nov 26 17:40:34 2018] [*] [Output] Barrier Pass...
[Mon Nov 26 17:40:34 2018] [*] [Input] Barrier Pass...
[Mon Nov 26 17:40:34 2018] [*] [WatchDog] phase down.
[Mon Nov 26 17:40:34 2018] [*] Session wait

[Mon Nov 26 17:40:35 2018] [*] Remote Device Address : 000080c5f2ba7234 on AMD64
[Mon Nov 26 17:40:35 2018] [*] [WatchDog] phase up.
[Mon Nov 26 17:40:35 2018] [*] [WatchDog] Wait signal to sync...
[Mon Nov 26 17:40:35 2018] [*] [MainTask] Wait signal to sync...
[Mon Nov 26 17:40:35 2018] [*] [Output] Wait signal to sync...
[Mon Nov 26 17:40:35 2018] [*] [Input] Wait signal to sync...
[Mon Nov 26 17:40:35 2018] [*] [WatchDog] Barrier Pass...
[Mon Nov 26 17:40:35 2018] [*] [WatchDog] phase down.
[Mon Nov 26 17:40:35 2018] [*] [Input] Barrier Pass...
[Mon Nov 26 17:40:35 2018] [*] [Output] Barrier Pass...
[Mon Nov 26 17:40:35 2018] [*] [MainTask] Barrier Pass...
[Mon Nov 26 17:40:35 2018] [*] Session wait

[Mon Nov 26 17:40:36 2018] [*] Remote Device Address : 000080c5f2ba7234 on AMD64
[Mon Nov 26 17:40:36 2018] [*] [WatchDog] phase up.
[Mon Nov 26 17:40:36 2018] [*] [WatchDog] Wait signal to sync...
[Mon Nov 26 17:40:36 2018] [*] [MainTask] Wait signal to sync...
[Mon Nov 26 17:40:36 2018] [*] [Output] Wait signal to sync...
[Mon Nov 26 17:40:36 2018] [*] [Input] Wait signal to sync...
[Mon Nov 26 17:40:36 2018] [*] [WatchDog] Barrier Pass...
[Mon Nov 26 17:40:36 2018] [*] [Output] Barrier Pass...
[Mon Nov 26 17:40:36 2018] [*] [MainTask] Barrier Pass...
[Mon Nov 26 17:40:36 2018] [*] [WatchDog] phase down.
[Mon Nov 26 17:40:36 2018] [*] Session wait

[Mon Nov 26 17:40:36 2018] [*] [Input] Barrier Pass...
[Mon Nov 26 17:40:37 2018] [*] Remote Device Address : 000080c5f2ba7234 on AMD64
[Mon Nov 26 17:40:37 2018] [*] [WatchDog] phase up.
[Mon Nov 26 17:40:37 2018] [*] [WatchDog] Wait signal to sync...
[Mon Nov 26 17:40:37 2018] [*] [MainTask] Wait signal to sync...
[Mon Nov 26 17:40:37 2018] [*] [Output] Wait signal to sync...
[Mon Nov 26 17:40:37 2018] [*] [Input] Wait signal to sync...
[Mon Nov 26 17:40:37 2018] [*] [WatchDog] Barrier Pass...
[Mon Nov 26 17:40:37 2018] [*] [MainTask] Barrier Pass...
[Mon Nov 26 17:40:37 2018] [*] [Output] Barrier Pass...
[Mon Nov 26 17:40:37 2018] [*] [Input] Barrier Pass...
[Mon Nov 26 17:40:37 2018] [*] [WatchDog] phase down.
[Mon Nov 26 17:40:37 2018] [*] Session wait

[Mon Nov 26 17:40:38 2018] [*] Remote Device Address : 000080c5f2ba7234 on AMD64
[Mon Nov 26 17:40:38 2018] [*] [WatchDog] phase up.
[Mon Nov 26 17:40:38 2018] [*] [WatchDog] Wait signal to sync...
[Mon Nov 26 17:40:38 2018] [*] [Output] Wait signal to sync...
[Mon Nov 26 17:40:38 2018] [*] [MainTask] Wait signal to sync...
[Mon Nov 26 17:40:38 2018] [*] [Input] Wait signal to sync...
[Mon Nov 26 17:40:38 2018] [*] [WatchDog] Barrier Pass...
[Mon Nov 26 17:40:38 2018] [*] [Output] Barrier Pass...
[Mon Nov 26 17:40:38 2018] [*] [MainTask] Barrier Pass...
[Mon Nov 26 17:40:38 2018] [*] [Input] Barrier Pass...
[Mon Nov 26 17:40:38 2018] [*] [WatchDog] phase down.
[Mon Nov 26 17:40:38 2018] [*] Session wait

[Mon Nov 26 17:40:39 2018] [*] Remote Device Address : 000080c5f2ba7234 on AMD64
[Mon Nov 26 17:40:39 2018] [*] [WatchDog] phase up.
[Mon Nov 26 17:40:39 2018] [*] [WatchDog] Wait signal to sync...
[Mon Nov 26 17:40:39 2018] [*] [MainTask] Wait signal to sync...
[Mon Nov 26 17:40:39 2018] [*] [Output] Wait signal to sync...
[Mon Nov 26 17:40:39 2018] [*] [Input] Wait signal to sync...
[Mon Nov 26 17:40:39 2018] [*] [WatchDog] Barrier Pass...
[Mon Nov 26 17:40:39 2018] [*] [MainTask] Barrier Pass...
[Mon Nov 26 17:40:39 2018] [*] [Output] Barrier Pass...
[Mon Nov 26 17:40:39 2018] [*] [Input] Barrier Pass...
[Mon Nov 26 17:40:39 2018] [*] [WatchDog] phase down.
[Mon Nov 26 17:40:39 2018] [*] Session wait

[Mon Nov 26 17:40:40 2018] [*] Remote Device Address : 000080c5f2ba7234 on AMD64
[Mon Nov 26 17:40:40 2018] [*] [WatchDog] phase up.
[Mon Nov 26 17:40:40 2018] [*] [WatchDog] Wait signal to sync...
[Mon Nov 26 17:40:40 2018] [*] [MainTask] Wait signal to sync...
[Mon Nov 26 17:40:40 2018] [*] [Output] Wait signal to sync...
[Mon Nov 26 17:40:40 2018] [*] [Input] Wait signal to sync...
[Mon Nov 26 17:40:40 2018] [*] [WatchDog] Barrier Pass...
[Mon Nov 26 17:40:40 2018] [*] [Output] Barrier Pass...
[Mon Nov 26 17:40:40 2018] [*] [Input] Barrier Pass...
[Mon Nov 26 17:40:40 2018] [*] [WatchDog] phase down.
[Mon Nov 26 17:40:40 2018] [*] [MainTask] Barrier Pass...
[Mon Nov 26 17:40:40 2018] [*] Session wait

[Mon Nov 26 17:40:41 2018] [*] Remote Device Address : 000080c5f2ba7234 on AMD64
[Mon Nov 26 17:40:41 2018] [*] [WatchDog] phase up.
[Mon Nov 26 17:40:41 2018] [*] [WatchDog] Wait signal to sync...
[Mon Nov 26 17:40:41 2018] [*] [MainTask] Wait signal to sync...
[Mon Nov 26 17:40:41 2018] [*] [Output] Wait signal to sync...
[Mon Nov 26 17:40:41 2018] [*] [Input] Wait signal to sync...
[Mon Nov 26 17:40:41 2018] [*] [WatchDog] Barrier Pass...
[Mon Nov 26 17:40:41 2018] [*] [MainTask] Barrier Pass...
[Mon Nov 26 17:40:41 2018] [*] [Output] Barrier Pass...
[Mon Nov 26 17:40:41 2018] [*] [Input] Barrier Pass...
[Mon Nov 26 17:40:41 2018] [*] [WatchDog] phase down.
[Mon Nov 26 17:40:41 2018] [*] Session wait

[Mon Nov 26 17:40:42 2018] [*] Remote Device Address : 000080c5f2ba7234 on AMD64
[Mon Nov 26 17:40:42 2018] [*] [WatchDog] phase up.
[Mon Nov 26 17:40:42 2018] [*] [WatchDog] Wait signal to sync...
[Mon Nov 26 17:40:42 2018] [*] [MainTask] Wait signal to sync...
[Mon Nov 26 17:40:42 2018] [*] [Output] Wait signal to sync...
[Mon Nov 26 17:40:42 2018] [*] [Input] Wait signal to sync...
[Mon Nov 26 17:40:42 2018] [*] [WatchDog] Barrier Pass...
[Mon Nov 26 17:40:42 2018] [*] [MainTask] Barrier Pass...
[Mon Nov 26 17:40:42 2018] [*] [Output] Barrier Pass...
[Mon Nov 26 17:40:42 2018] [*] [WatchDog] phase down.
[Mon Nov 26 17:40:42 2018] [*] Session wait

[Mon Nov 26 17:40:42 2018] [*] [Input] Barrier Pass...
[Mon Nov 26 17:40:42 2018] [*] Remote Device Address : 000080c5f2ba7234 on AMD64
[Mon Nov 26 17:40:42 2018] [*] [WatchDog] phase up.
[Mon Nov 26 17:40:43 2018] [*] [WatchDog] Wait signal to sync...
[Mon Nov 26 17:40:43 2018] [*] [MainTask] Wait signal to sync...
[Mon Nov 26 17:40:43 2018] [*] [Output] Wait signal to sync...
[Mon Nov 26 17:40:43 2018] [*] [Input] Wait signal to sync...
[Mon Nov 26 17:40:43 2018] [*] [MainTask] Barrier Pass...
[Mon Nov 26 17:40:43 2018] [*] [WatchDog] Barrier Pass...
[Mon Nov 26 17:40:43 2018] [*] Session wait

[Mon Nov 26 17:40:43 2018] [*] [Input] Barrier Pass...
[Mon Nov 26 17:40:43 2018] [*] [Output] Barrier Pass...
[Mon Nov 26 17:40:43 2018] [*] [WatchDog] phase down.
[Mon Nov 26 17:40:43 2018] [*] Remote Device Address : 000080c5f2ba7234 on AMD64
[Mon Nov 26 17:40:44 2018] [*] [WatchDog] phase up.
[Mon Nov 26 17:40:44 2018] [*] [WatchDog] Wait signal to sync...
[Mon Nov 26 17:40:44 2018] [*] [Output] Wait signal to sync...
[Mon Nov 26 17:40:44 2018] [*] [Input] client disconnected : ENO:[104]-EC:[-1]-LEN:[952].
[Mon Nov 26 17:40:44 2018] [*] [MainTask] Wait signal to sync...
[Mon Nov 26 17:40:44 2018] [*] [Input] Wait signal to sync...
[Mon Nov 26 17:40:44 2018] [*] [WatchDog] Barrier Pass...
[Mon Nov 26 17:40:44 2018] [*] [Output] Barrier Pass...
[Mon Nov 26 17:40:44 2018] [*] [MainTask] Barrier Pass...
[Mon Nov 26 17:40:44 2018] [*] [Input] Barrier Pass...
[Mon Nov 26 17:40:44 2018] [*] [WatchDog] phase down.
[Mon Nov 26 17:40:44 2018] [*] Session wait

[Mon Nov 26 17:40:44 2018] [*] Remote Device Address : 000080c5f2ba7234 on AMD64
[Mon Nov 26 17:40:44 2018] [*] [WatchDog] phase up.
[Mon Nov 26 17:40:45 2018] [*] [WatchDog] Wait signal to sync...
[Mon Nov 26 17:40:45 2018] [*] [MainTask] Wait signal to sync...
[Mon Nov 26 17:40:45 2018] [*] [Output] Wait signal to sync...
[Mon Nov 26 17:40:45 2018] [*] [Input] Wait signal to sync...
[Mon Nov 26 17:40:45 2018] [*] [WatchDog] Barrier Pass...
[Mon Nov 26 17:40:45 2018] [*] [MainTask] Barrier Pass...
[Mon Nov 26 17:40:45 2018] [*] [Output] Barrier Pass...
[Mon Nov 26 17:40:45 2018] [*] [Input] Barrier Pass...
[Mon Nov 26 17:40:45 2018] [*] [WatchDog] phase down.
[Mon Nov 26 17:40:45 2018] [*] Session wait

[Mon Nov 26 17:40:45 2018] [*] Remote Device Address : 000080c5f2ba7234 on AMD64
[Mon Nov 26 17:40:45 2018] [*] [WatchDog] phase up.
[Mon Nov 26 17:40:45 2018] [*] [WatchDog] Wait signal to sync...
[Mon Nov 26 17:40:45 2018] [*] [Input] client disconnected : ENO:[104]-EC:[-1]-LEN:[952].
[Mon Nov 26 17:40:45 2018] [*] [Output] Wait signal to sync...
[Mon Nov 26 17:40:45 2018] [*] [MainTask] Wait signal to sync...
[Mon Nov 26 17:40:45 2018] [*] [Input] Wait signal to sync...
[Mon Nov 26 17:40:45 2018] [*] [WatchDog] Barrier Pass...
[Mon Nov 26 17:40:45 2018] [*] [MainTask] Barrier Pass...
[Mon Nov 26 17:40:45 2018] [*] [Input] Barrier Pass...
[Mon Nov 26 17:40:45 2018] [*] [Output] Barrier Pass...
[Mon Nov 26 17:40:45 2018] [*] [WatchDog] phase down.
[Mon Nov 26 17:40:45 2018] [*] Session wait
